ma tammikuuta 9 18:22:34 2017
Triangle
 0
 0
 0
 0
 0
erojen mediaani: 0

ma tammikuuta 9 18:35:09 2017
Triangle
11 4 62288
10 4 63056
9 4 65840
8 4 65968
6 4 69712
7 4 71024
5 4 73360
4 4 74320
3 4 79040
2 4 81040
 768
 128
 -1312
 960
 2000
erojen mediaani: 768

ma tammikuuta 9 19:12:02 2017
Triangle
10 4 61712
11 4 62000
8 4 64064
9 4 64720
7 4 68176
6 4 68544
5 4 72912
4 4 74144
3 4 78256
2 4 81968
1 4 87216
 -288
 -656
 368
 1232
 3712
erojen mediaani: 368

ma tammikuuta 9 19:30:39 2017
Triangle
10 4 61472
11 4 61984
8 4 64640
9 4 65360
7 4 67952
6 4 68640
5 4 72832
4 4 74080
3 4 78640
2 4 81088
 -512
 -720
 688
 1248
 2448
erojen mediaani: 688

ma tammikuuta 9 23:14:18 2017
Triangle
 0
 0
 0
 0
 0
erojen mediaani: 0

ti tammikuuta 10 00:14:23 2017
Triangle
 -112
 304
 400
 560
 -23072
erojen mediaani: 304

ti tammikuuta 10 00:19:45 2017
Triangle
 0
 0
 0
 0
 0
erojen mediaani: 0

ti tammikuuta 10 00:22:59 2017
Triangle
 -14208
 0
 672
 800
 2304
erojen mediaani: 672

ti tammikuuta 10 00:34:44 2017
Triangle
 -672
 768
 288
 624
 1408
erojen mediaani: 624

ti tammikuuta 10 00:58:40 2017
Triangle
10 4 62032
11 4 62224
9 4 64752
8 4 65072
7 4 68352
6 4 68544
5 4 73216
4 4 74512
3 4 78336
2 4 81296
Monza
 -192
 320
 192
 1296
 2960
erojen mediaani: 320

ti tammikuuta 10 13:31:03 2017
Triangle
10 4 61616
11 4 63216
8 4 64496
9 4 64592
7 4 68288
6 4 68464
5 4 72752
4 4 73904
3 4 78320
2 4 79712
 -1600
 -96
 176
 1152
 1392
erojen mediaani: 176

ti tammikuuta 10 13:55:51 2017
Triangle
10 4 61984
11 4 62416
9 4 64880
8 4 64992
7 4 68064
6 4 68624
5 4 72944
4 4 74448
3 4 77488
2 4 80496
 -432
 112
 560
 1504
 3008
erojen mediaani: 560

ti tammikuuta 10 14:04:03 2017
Triangle
 192
 2176
 2016
 2000
 3440
erojen mediaani: 2016

ti tammikuuta 10 14:11:26 2017
Triangle
 -1040
 1120
 1280
 1344
 2624
erojen mediaani: 1280

ti tammikuuta 10 14:17:34 2017
Triangle
 64
 112
 688
 672
 1040
erojen mediaani: 672

ti tammikuuta 10 14:21:50 2017
Triangle
10 4 60480
11 4 62096
9 4 65072
8 4 65264
6 4 68512
7 4 68624
5 4 72656
4 4 73152
3 4 78304
 -1616
 192
 -112
 496
 -14880
erojen mediaani: -112

ti tammikuuta 10 14:32:53 2017
Triangle
 0
 0
 0
 0
 0
erojen mediaani: 0

ti tammikuuta 10 14:37:02 2017
Triangle
 -512
 -416
 864
 448
 -16896
erojen mediaani: -416

ti tammikuuta 10 14:55:13 2017
Triangle
10 4 61488
11 4 62816
8 4 64576
9 4 65280
7 4 68416
6 4 69152
5 4 73440
4 4 74192
3 4 78384
2 4 80688
1 4 86208
 -1328
 -704
 736
 752
 2304
erojen mediaani: 736

ti tammikuuta 10 15:02:04 2017
Triangle
 -624
 -176
 720
 1008
 1360
erojen mediaani: 720

ti tammikuuta 10 15:04:58 2017
Triangle
11 4 61712
9 4 64688
8 4 65712
10 4 67280
7 4 68032
6 4 68816
5 4 72784
4 4 73840
3 4 79040
2 4 81392
1 4 86624
 5568
 1024
 784
 1056
 2352
erojen mediaani: 1056

ti tammikuuta 10 15:15:33 2017
Triangle
11 4 61728
10 4 62080
8 4 63904
9 4 65216
 352
 -1312
 48
 1104
 2128
erojen mediaani: 352

ti tammikuuta 10 15:28:08 2017
Triangle
Monza
10 4 80608
8 4 83424
11 4 81376
9 4 84912
7 4 89936
6 4 105232
5 4 112528
4 4 114384
2 4 125312
3 4 122704
 -768
 -1488
 15296
 1856
 2608
erojen mediaani: 1856

ti tammikuuta 10 15:37:48 2017
Triangle
 1200
 1008
 704
 400
 1344
erojen mediaani: 1008

ti tammikuuta 10 15:40:44 2017
Triangle
11 4 61984
8 4 65088
9 4 65216
6 4 68256
7 4 68416
10 4 69696
5 4 73104
4 4 74144
3 4 78608
2 4 81664
1 4 86944
 7712
 -128
 -160
 1040
 3056
erojen mediaani: 1040

ti tammikuuta 10 15:47:16 2017
Triangle
 -15200
 112
 -528
 1072
 1056
erojen mediaani: 112

ti tammikuuta 10 15:51:26 2017
Triangle
11 4 62064
8 4 64016
9 4 65072
 -3664
 -1056
 -592
 1440
 2688
erojen mediaani: -592

ti tammikuuta 10 15:59:02 2017
Triangle
11 4 62272
9 4 64096
8 4 65504
6 4 68288
7 4 68640
10 4 72416
5 4 72944
4 4 73776
3 4 78560
2 4 80320
 10144
 1408
 -352
 832
 1760
erojen mediaani: 1408

ti tammikuuta 10 17:00:57 2017
Triangle
11 4 62720
8 4 63808
9 4 65088
6 4 67760
10 4 67920
7 4 69056
5 4 72720
4 4 73872
3 4 78688
2 4 81472
 5200
 -1280
 -1296
 1152
 2784
erojen mediaani: 1152

ti tammikuuta 10 17:12:11 2017
Triangle
11 4 62000
10 4 63232
9 4 64896
8 4 65440
7 4 68368
6 4 68832
5 4 72896
4 4 73968
3 4 78496
2 4 81648
1 4 82944
 1232
 544
 464
 1072
 3152
erojen mediaani: 1072

ti tammikuuta 10 17:19:32 2017
Triangle
 256
 1040
 576
 832
 1648
erojen mediaani: 832

ti tammikuuta 10 17:24:47 2017
Triangle
10 4 61952
11 4 62288
8 4 64720
9 4 65296
7 4 67872
6 4 69104
5 4 72768
4 4 75328
3 4 78112
2 4 81648
1 4 86720
 -336
 -576
 1232
 2560
 3536
erojen mediaani: 1232

ti tammikuuta 10 17:31:45 2017
Triangle
11 4 62304
10 4 63424
9 4 64720
8 4 65984
7 4 68112
6 4 68912
5 4 72832
4 4 73840
3 4 78480
2 4 80192
1 4 87344
 1120
 1264
 800
 1008
 1712
erojen mediaani: 1120

ti tammikuuta 10 17:38:07 2017
Triangle
11 4 61824
10 4 62592
8 4 65248
9 4 65248
7 4 68368
6 4 69136
5 4 73248
4 4 74880
3 4 78496
2 4 81360
1 4 86784
 768
 0
 768
 1632
 2864
erojen mediaani: 768

ti tammikuuta 10 17:43:18 2017
Triangle
11 4 61728
10 4 62240
9 4 64496
8 4 65536
7 4 68384
6 4 68960
5 4 72928
4 4 74096
3 4 78624
2 4 80944
1 4 86160
 512
 1040
 576
 1168
 2320
erojen mediaani: 1040

ti tammikuuta 10 17:53:52 2017
Triangle
10 4 61584
11 4 62368
9 4 64304
8 4 65488
7 4 68096
6 4 68704
5 4 72656
4 4 74784
3 4 78112
2 4 80992
 -784
 1184
 608
 2128
 2880
erojen mediaani: 1184

ti tammikuuta 10 18:04:40 2017
Infinity
Triangle
11 4 62240
10 4 62848
9 4 64928
8 4 65136
7 4 68336
6 4 69200
5 4 72640
4 4 74864
3 4 78944
2 4 80720
1 4 85920
 608
 208
 864
 2224
 1776
erojen mediaani: 864

ti tammikuuta 10 18:13:39 2017
Triangle
10 4 62288
11 4 62352
9 4 65008
8 4 65520
7 4 68160
6 4 69008
5 4 73536
4 4 74848
3 4 78656
2 4 81856
1 4 86464
 -64
 512
 848
 1312
 3200
erojen mediaani: 848

ti tammikuuta 10 18:27:56 2017
Triangle
11 4 62544
10 4 62752
9 4 65184
8 4 65824
7 4 68416
6 4 69200
5 4 73280
4 4 74528
3 4 79232
2 4 80768
1 4 85792
 208
 640
 784
 1248
 1536
erojen mediaani: 784

